# JRE version: OpenJDK Runtime Environment (8.0_162-b12) (build 1.8.0_162-8u162-b12-0ubuntu0.16.04.2-b12)
# Java VM: OpenJDK 64-Bit Server VM (25.162-b12 mixed mode linux-amd64 compressed oops)
Heap:
 PSYoungGen      total 227840K, used 84391K [0x000000076d100000, 0x0000000782900000, 0x00000007c0000000)
  eden space 200704K, 33% used [0x000000076d100000,0x00000007712ae8e0,0x0000000779500000)
  from space 27136K, 63% used [0x0000000779500000,0x000000077a5bb5b0,0x000000077af80000)
  to   space 27136K, 0% used [0x0000000780e80000,0x0000000780e80000,0x0000000782900000)
 ParOldGen       total 120832K, used 21858K [0x00000006c7200000, 0x00000006ce800000, 0x000000076d100000)
  object space 120832K, 18% used [0x00000006c7200000,0x00000006c8758840,0x00000006ce800000)
 Metaspace       used 22850K, capacity 23152K, committed 23424K, reserved 1071104K
  class space    used 2515K, capacity 2595K, committed 2688K, reserved 1048576K
GC Heap History (10 events):
Event: 6,501 GC heap before
{Heap before GC invocations=4 (full 0):
 PSYoungGen      total 74752K, used 27131K [0x000000076d100000, 0x0000000776300000, 0x00000007c0000000)
  eden space 64512K, 26% used [0x000000076d100000,0x000000076e183c10,0x0000000771000000)
  from space 10240K, 99% used [0x0000000771000000,0x00000007719fb070,0x0000000771a00000)
  to   space 10240K, 0% used [0x0000000775900000,0x0000000775900000,0x0000000776300000)
 ParOldGen       total 171008K, used 18016K [0x00000006c7200000, 0x00000006d1900000, 0x000000076d100000)
  object space 171008K, 10% used [0x00000006c7200000,0x00000006c8398140,0x00000006d1900000)
 Metaspace       used 20889K, capacity 21164K, committed 21296K, reserved 1069056K
  class space    used 2361K, capacity 2429K, committed 2432K, reserved 1048576K
Event: 6,525 GC heap after
Heap after GC invocations=4 (full 0):
 PSYoungGen      total 139264K, used 10234K [0x000000076d100000, 0x0000000776300000, 0x00000007c0000000)
  eden space 129024K, 0% used [0x000000076d100000,0x000000076d100000,0x0000000774f00000)
  from space 10240K, 99% used [0x0000000775900000,0x00000007762fe850,0x0000000776300000)
  to   space 10240K, 0% used [0x0000000774f00000,0x0000000774f00000,0x0000000775900000)
 ParOldGen       total 171008K, used 28168K [0x00000006c7200000, 0x00000006d1900000, 0x000000076d100000)
  object space 171008K, 16% used [0x00000006c7200000,0x00000006c8d823f0,0x00000006d1900000)
 Metaspace       used 20889K, capacity 21164K, committed 21296K, reserved 1069056K
  class space    used 2361K, capacity 2429K, committed 2432K, reserved 1048576K
}
Event: 6,525 GC heap before
{Heap before GC invocations=5 (full 1):
 PSYoungGen      total 139264K, used 10234K [0x000000076d100000, 0x0000000776300000, 0x00000007c0000000)
  eden space 129024K, 0% used [0x000000076d100000,0x000000076d100000,0x0000000774f00000)
  from space 10240K, 99% used [0x0000000775900000,0x00000007762fe850,0x0000000776300000)
  to   space 10240K, 0% used [0x0000000774f00000,0x0000000774f00000,0x0000000775900000)
 ParOldGen       total 171008K, used 28168K [0x00000006c7200000, 0x00000006d1900000, 0x000000076d100000)
  object space 171008K, 16% used [0x00000006c7200000,0x00000006c8d823f0,0x00000006d1900000)
 Metaspace       used 20889K, capacity 21164K, committed 21296K, reserved 1069056K
  class space    used 2361K, capacity 2429K, committed 2432K, reserved 1048576K
Event: 6,617 GC heap after
Heap after GC invocations=5 (full 1):
 PSYoungGen      total 139264K, used 0K [0x000000076d100000, 0x0000000776300000, 0x00000007c0000000)
  eden space 129024K, 0% used [0x000000076d100000,0x000000076d100000,0x0000000774f00000)
  from space 10240K, 0% used [0x0000000775900000,0x0000000775900000,0x0000000776300000)
  to   space 10240K, 0% used [0x0000000774f00000,0x0000000774f00000,0x0000000775900000)
 ParOldGen       total 120832K, used 21834K [0x00000006c7200000, 0x00000006ce800000, 0x000000076d100000)
  object space 120832K, 18% used [0x00000006c7200000,0x00000006c8752840,0x00000006ce800000)
 Metaspace       used 20889K, capacity 21164K, committed 21296K, reserved 1069056K
  class space    used 2361K, capacity 2429K, committed 2432K, reserved 1048576K
}
Event: 13,197 GC heap before
{Heap before GC invocations=6 (full 1):
 PSYoungGen      total 139264K, used 129024K [0x000000076d100000, 0x0000000776300000, 0x00000007c0000000)
  eden space 129024K, 100% used [0x000000076d100000,0x0000000774f00000,0x0000000774f00000)
  from space 10240K, 0% used [0x0000000775900000,0x0000000775900000,0x0000000776300000)
  to   space 10240K, 0% used [0x0000000774f00000,0x0000000774f00000,0x0000000775900000)
 ParOldGen       total 120832K, used 21834K [0x00000006c7200000, 0x00000006ce800000, 0x000000076d100000)
  object space 120832K, 18% used [0x00000006c7200000,0x00000006c8752840,0x00000006ce800000)
 Metaspace       used 21586K, capacity 21904K, committed 22192K, reserved 1069056K
  class space    used 2415K, capacity 2499K, committed 2560K, reserved 1048576K
Event: 13,202 GC heap after
Heap after GC invocations=6 (full 1):
 PSYoungGen      total 139264K, used 8173K [0x000000076d100000, 0x000000077d200000, 0x00000007c0000000)
  eden space 129024K, 0% used [0x000000076d100000,0x000000076d100000,0x0000000774f00000)
  from space 10240K, 79% used [0x0000000774f00000,0x00000007756fb760,0x0000000775900000)
  to   space 26624K, 0% used [0x000000077b800000,0x000000077b800000,0x000000077d200000)
 ParOldGen       total 120832K, used 21842K [0x00000006c7200000, 0x00000006ce800000, 0x000000076d100000)
  object space 120832K, 18% used [0x00000006c7200000,0x00000006c8754840,0x00000006ce800000)
 Metaspace       used 21586K, capacity 21904K, committed 22192K, reserved 1069056K
  class space    used 2415K, capacity 2499K, committed 2560K, reserved 1048576K
}
Event: 37,044 GC heap before
{Heap before GC invocations=7 (full 1):
 PSYoungGen      total 139264K, used 137197K [0x000000076d100000, 0x000000077d200000, 0x00000007c0000000)
  eden space 129024K, 100% used [0x000000076d100000,0x0000000774f00000,0x0000000774f00000)
  from space 10240K, 79% used [0x0000000774f00000,0x00000007756fb760,0x0000000775900000)
  to   space 26624K, 0% used [0x000000077b800000,0x000000077b800000,0x000000077d200000)
 ParOldGen       total 120832K, used 21842K [0x00000006c7200000, 0x00000006ce800000, 0x000000076d100000)
  object space 120832K, 18% used [0x00000006c7200000,0x00000006c8754840,0x00000006ce800000)
 Metaspace       used 22723K, capacity 23024K, committed 23424K, reserved 1071104K
  class space    used 2515K, capacity 2595K, committed 2688K, reserved 1048576K
Event: 37,048 GC heap after
Heap after GC invocations=7 (full 1):
 PSYoungGen      total 219136K, used 4520K [0x000000076d100000, 0x000000077ca00000, 0x00000007c0000000)
  eden space 200704K, 0% used [0x000000076d100000,0x000000076d100000,0x0000000779500000)
  from space 18432K, 24% used [0x000000077b800000,0x000000077bc6a218,0x000000077ca00000)
  to   space 27136K, 0% used [0x0000000779500000,0x0000000779500000,0x000000077af80000)
 ParOldGen       total 120832K, used 21850K [0x00000006c7200000, 0x00000006ce800000, 0x000000076d100000)
  object space 120832K, 18% used [0x00000006c7200000,0x00000006c8756840,0x00000006ce800000)
 Metaspace       used 22723K, capacity 23024K, committed 23424K, reserved 1071104K
  class space    used 2515K, capacity 2595K, committed 2688K, reserved 1048576K
}
Event: 54,876 GC heap before
{Heap before GC invocations=8 (full 1):
 PSYoungGen      total 219136K, used 205224K [0x000000076d100000, 0x000000077ca00000, 0x00000007c0000000)
  eden space 200704K, 100% used [0x000000076d100000,0x0000000779500000,0x0000000779500000)
  from space 18432K, 24% used [0x000000077b800000,0x000000077bc6a218,0x000000077ca00000)
  to   space 27136K, 0% used [0x0000000779500000,0x0000000779500000,0x000000077af80000)
 ParOldGen       total 120832K, used 21850K [0x00000006c7200000, 0x00000006ce800000, 0x000000076d100000)
  object space 120832K, 18% used [0x00000006c7200000,0x00000006c8756840,0x00000006ce800000)
 Metaspace       used 22817K, capacity 23088K, committed 23424K, reserved 1071104K
  class space    used 2515K, capacity 2595K, committed 2688K, reserved 1048576K
Event: 54,882 GC heap after
Heap after GC invocations=8 (full 1):
 PSYoungGen      total 227840K, used 17133K [0x000000076d100000, 0x0000000782900000, 0x00000007c0000000)
  eden space 200704K, 0% used [0x000000076d100000,0x000000076d100000,0x0000000779500000)
  from space 27136K, 63% used [0x0000000779500000,0x000000077a5bb5b0,0x000000077af80000)
  to   space 27136K, 0% used [0x0000000780e80000,0x0000000780e80000,0x0000000782900000)
 ParOldGen       total 120832K, used 21858K [0x00000006c7200000, 0x00000006ce800000, 0x000000076d100000)
  object space 120832K, 18% used [0x00000006c7200000,0x00000006c8758840,0x00000006ce800000)
 Metaspace       used 22817K, capacity 23088K, committed 23424K, reserved 1071104K
  class space    used 2515K, capacity 2595K, committed 2688K, reserved 1048576K
}

