# JRE version: Java(TM) SE Runtime Environment (8.0_161-b12) (build 1.8.0_161-b12)
# Java VM: Java HotSpot(TM) 64-Bit Server VM (25.161-b12 mixed mode linux-amd64 compressed oops)
Heap:
 PSYoungGen      total 68608K, used 34045K [0x00000000d7000000, 0x00000000df600000, 0x0000000100000000)
  eden space 63488K, 53% used [0x00000000d7000000,0x00000000d913f4e0,0x00000000dae00000)
  from space 5120K, 0% used [0x00000000dae00000,0x00000000dae00000,0x00000000db300000)
  to   space 5120K, 0% used [0x00000000df100000,0x00000000df100000,0x00000000df600000)
 ParOldGen       total 78336K, used 18869K [0x0000000085000000, 0x0000000089c80000, 0x00000000d7000000)
  object space 78336K, 24% used [0x0000000085000000,0x000000008626d508,0x0000000089c80000)
 Metaspace       used 21914K, capacity 22212K, committed 22400K, reserved 1069056K
  class space    used 2495K, capacity 2589K, committed 2688K, reserved 1048576K
GC Heap History (8 events):
Event: 1,258 GC heap before
{Heap before GC invocations=1 (full 0):
 PSYoungGen      total 36864K, used 31744K [0x00000000d7000000, 0x00000000d9900000, 0x0000000100000000)
  eden space 31744K, 100% used [0x00000000d7000000,0x00000000d8f00000,0x00000000d8f00000)
  from space 5120K, 0% used [0x00000000d9400000,0x00000000d9400000,0x00000000d9900000)
  to   space 5120K, 0% used [0x00000000d8f00000,0x00000000d8f00000,0x00000000d9400000)
 ParOldGen       total 84992K, used 0K [0x0000000085000000, 0x000000008a300000, 0x00000000d7000000)
  object space 84992K, 0% used [0x0000000085000000,0x0000000085000000,0x000000008a300000)
 Metaspace       used 19496K, capacity 19748K, committed 19968K, reserved 1067008K
  class space    used 2235K, capacity 2301K, committed 2304K, reserved 1048576K
Event: 1,273 GC heap after
Heap after GC invocations=1 (full 0):
 PSYoungGen      total 36864K, used 5088K [0x00000000d7000000, 0x00000000db800000, 0x0000000100000000)
  eden space 31744K, 0% used [0x00000000d7000000,0x00000000d7000000,0x00000000d8f00000)
  from space 5120K, 99% used [0x00000000d8f00000,0x00000000d93f81e0,0x00000000d9400000)
  to   space 5120K, 0% used [0x00000000db300000,0x00000000db300000,0x00000000db800000)
 ParOldGen       total 84992K, used 3522K [0x0000000085000000, 0x000000008a300000, 0x00000000d7000000)
  object space 84992K, 4% used [0x0000000085000000,0x0000000085370b60,0x000000008a300000)
 Metaspace       used 19496K, capacity 19748K, committed 19968K, reserved 1067008K
  class space    used 2235K, capacity 2301K, committed 2304K, reserved 1048576K
}
Event: 1,392 GC heap before
{Heap before GC invocations=2 (full 0):
 PSYoungGen      total 36864K, used 36832K [0x00000000d7000000, 0x00000000db800000, 0x0000000100000000)
  eden space 31744K, 100% used [0x00000000d7000000,0x00000000d8f00000,0x00000000d8f00000)
  from space 5120K, 99% used [0x00000000d8f00000,0x00000000d93f81e0,0x00000000d9400000)
  to   space 5120K, 0% used [0x00000000db300000,0x00000000db300000,0x00000000db800000)
 ParOldGen       total 84992K, used 3522K [0x0000000085000000, 0x000000008a300000, 0x00000000d7000000)
  object space 84992K, 4% used [0x0000000085000000,0x0000000085370b60,0x000000008a300000)
 Metaspace       used 19627K, capacity 19940K, committed 19968K, reserved 1067008K
  class space    used 2245K, capacity 2301K, committed 2304K, reserved 1048576K
Event: 1,404 GC heap after
Heap after GC invocations=2 (full 0):
 PSYoungGen      total 68608K, used 5088K [0x00000000d7000000, 0x00000000db800000, 0x0000000100000000)
  eden space 63488K, 0% used [0x00000000d7000000,0x00000000d7000000,0x00000000dae00000)
  from space 5120K, 99% used [0x00000000db300000,0x00000000db7f80a0,0x00000000db800000)
  to   space 5120K, 0% used [0x00000000dae00000,0x00000000dae00000,0x00000000db300000)
 ParOldGen       total 84992K, used 4049K [0x0000000085000000, 0x000000008a300000, 0x00000000d7000000)
  object space 84992K, 4% used [0x0000000085000000,0x00000000853f4470,0x000000008a300000)
 Metaspace       used 19627K, capacity 19940K, committed 19968K, reserved 1067008K
  class space    used 2245K, capacity 2301K, committed 2304K, reserved 1048576K
}
Event: 2,812 GC heap before
{Heap before GC invocations=3 (full 0):
 PSYoungGen      total 68608K, used 60088K [0x00000000d7000000, 0x00000000db800000, 0x0000000100000000)
  eden space 63488K, 86% used [0x00000000d7000000,0x00000000da5b60f8,0x00000000dae00000)
  from space 5120K, 99% used [0x00000000db300000,0x00000000db7f80a0,0x00000000db800000)
  to   space 5120K, 0% used [0x00000000dae00000,0x00000000dae00000,0x00000000db300000)
 ParOldGen       total 84992K, used 4049K [0x0000000085000000, 0x000000008a300000, 0x00000000d7000000)
  object space 84992K, 4% used [0x0000000085000000,0x00000000853f4470,0x000000008a300000)
 Metaspace       used 20882K, capacity 21156K, committed 21248K, reserved 1069056K
  class space    used 2402K, capacity 2493K, committed 2560K, reserved 1048576K
Event: 2,824 GC heap after
Heap after GC invocations=3 (full 0):
 PSYoungGen      total 68608K, used 5104K [0x00000000d7000000, 0x00000000df600000, 0x0000000100000000)
  eden space 63488K, 0% used [0x00000000d7000000,0x00000000d7000000,0x00000000dae00000)
  from space 5120K, 99% used [0x00000000dae00000,0x00000000db2fc040,0x00000000db300000)
  to   space 5120K, 0% used [0x00000000df100000,0x00000000df100000,0x00000000df600000)
 ParOldGen       total 84992K, used 23930K [0x0000000085000000, 0x000000008a300000, 0x00000000d7000000)
  object space 84992K, 28% used [0x0000000085000000,0x000000008675e9c0,0x000000008a300000)
 Metaspace       used 20882K, capacity 21156K, committed 21248K, reserved 1069056K
  class space    used 2402K, capacity 2493K, committed 2560K, reserved 1048576K
}
Event: 2,824 GC heap before
{Heap before GC invocations=4 (full 1):
 PSYoungGen      total 68608K, used 5104K [0x00000000d7000000, 0x00000000df600000, 0x0000000100000000)
  eden space 63488K, 0% used [0x00000000d7000000,0x00000000d7000000,0x00000000dae00000)
  from space 5120K, 99% used [0x00000000dae00000,0x00000000db2fc040,0x00000000db300000)
  to   space 5120K, 0% used [0x00000000df100000,0x00000000df100000,0x00000000df600000)
 ParOldGen       total 84992K, used 23930K [0x0000000085000000, 0x000000008a300000, 0x00000000d7000000)
  object space 84992K, 28% used [0x0000000085000000,0x000000008675e9c0,0x000000008a300000)
 Metaspace       used 20882K, capacity 21156K, committed 21248K, reserved 1069056K
  class space    used 2402K, capacity 2493K, committed 2560K, reserved 1048576K
Event: 2,850 GC heap after
Heap after GC invocations=4 (full 1):
 PSYoungGen      total 68608K, used 0K [0x00000000d7000000, 0x00000000df600000, 0x0000000100000000)
  eden space 63488K, 0% used [0x00000000d7000000,0x00000000d7000000,0x00000000dae00000)
  from space 5120K, 0% used [0x00000000dae00000,0x00000000dae00000,0x00000000db300000)
  to   space 5120K, 0% used [0x00000000df100000,0x00000000df100000,0x00000000df600000)
 ParOldGen       total 78336K, used 18869K [0x0000000085000000, 0x0000000089c80000, 0x00000000d7000000)
  object space 78336K, 24% used [0x0000000085000000,0x000000008626d508,0x0000000089c80000)
 Metaspace       used 20882K, capacity 21156K, committed 21248K, reserved 1069056K
  class space    used 2402K, capacity 2493K, committed 2560K, reserved 1048576K
}

