# JRE version: Java(TM) SE Runtime Environment (8.0_161-b12) (build 1.8.0_161-b12)
# Java VM: Java HotSpot(TM) 64-Bit Server VM (25.161-b12 mixed mode linux-amd64 compressed oops)
Heap:
 PSYoungGen      total 68608K, used 7255K [0x00000000d7000000, 0x00000000db800000, 0x0000000100000000)
  eden space 63488K, 11% used [0x00000000d7000000,0x00000000d7715cc0,0x00000000dae00000)
  from space 5120K, 0% used [0x00000000db300000,0x00000000db300000,0x00000000db800000)
  to   space 5120K, 0% used [0x00000000dae00000,0x00000000dae00000,0x00000000db300000)
 ParOldGen       total 65024K, used 18718K [0x0000000085000000, 0x0000000088f80000, 0x00000000d7000000)
  object space 65024K, 28% used [0x0000000085000000,0x00000000862479e0,0x0000000088f80000)
 Metaspace       used 20792K, capacity 21092K, committed 21248K, reserved 1069056K
  class space    used 2380K, capacity 2485K, committed 2560K, reserved 1048576K
GC Heap History (10 events):
Event: 0,971 GC heap before
{Heap before GC invocations=1 (full 0):
 PSYoungGen      total 36864K, used 31744K [0x00000000d7000000, 0x00000000d9900000, 0x0000000100000000)
  eden space 31744K, 100% used [0x00000000d7000000,0x00000000d8f00000,0x00000000d8f00000)
  from space 5120K, 0% used [0x00000000d9400000,0x00000000d9400000,0x00000000d9900000)
  to   space 5120K, 0% used [0x00000000d8f00000,0x00000000d8f00000,0x00000000d9400000)
 ParOldGen       total 84992K, used 0K [0x0000000085000000, 0x000000008a300000, 0x00000000d7000000)
  object space 84992K, 0% used [0x0000000085000000,0x0000000085000000,0x000000008a300000)
 Metaspace       used 19190K, capacity 19488K, committed 19712K, reserved 1067008K
  class space    used 2214K, capacity 2293K, committed 2304K, reserved 1048576K
Event: 0,980 GC heap after
Heap after GC invocations=1 (full 0):
 PSYoungGen      total 36864K, used 5097K [0x00000000d7000000, 0x00000000d9900000, 0x0000000100000000)
  eden space 31744K, 0% used [0x00000000d7000000,0x00000000d7000000,0x00000000d8f00000)
  from space 5120K, 99% used [0x00000000d8f00000,0x00000000d93fa548,0x00000000d9400000)
  to   space 5120K, 0% used [0x00000000d9400000,0x00000000d9400000,0x00000000d9900000)
 ParOldGen       total 84992K, used 4333K [0x0000000085000000, 0x000000008a300000, 0x00000000d7000000)
  object space 84992K, 5% used [0x0000000085000000,0x000000008543b4d8,0x000000008a300000)
 Metaspace       used 19190K, capacity 19488K, committed 19712K, reserved 1067008K
  class space    used 2214K, capacity 2293K, committed 2304K, reserved 1048576K
}
Event: 1,076 GC heap before
{Heap before GC invocations=2 (full 0):
 PSYoungGen      total 36864K, used 36841K [0x00000000d7000000, 0x00000000d9900000, 0x0000000100000000)
  eden space 31744K, 100% used [0x00000000d7000000,0x00000000d8f00000,0x00000000d8f00000)
  from space 5120K, 99% used [0x00000000d8f00000,0x00000000d93fa548,0x00000000d9400000)
  to   space 5120K, 0% used [0x00000000d9400000,0x00000000d9400000,0x00000000d9900000)
 ParOldGen       total 84992K, used 4333K [0x0000000085000000, 0x000000008a300000, 0x00000000d7000000)
  object space 84992K, 5% used [0x0000000085000000,0x000000008543b4d8,0x000000008a300000)
 Metaspace       used 19319K, capacity 19616K, committed 19712K, reserved 1067008K
  class space    used 2225K, capacity 2293K, committed 2304K, reserved 1048576K
Event: 1,083 GC heap after
Heap after GC invocations=2 (full 0):
 PSYoungGen      total 36864K, used 5115K [0x00000000d7000000, 0x00000000db800000, 0x0000000100000000)
  eden space 31744K, 0% used [0x00000000d7000000,0x00000000d7000000,0x00000000d8f00000)
  from space 5120K, 99% used [0x00000000d9400000,0x00000000d98feef8,0x00000000d9900000)
  to   space 5120K, 0% used [0x00000000d8f00000,0x00000000d8f00000,0x00000000d9400000)
 ParOldGen       total 84992K, used 6041K [0x0000000085000000, 0x000000008a300000, 0x00000000d7000000)
  object space 84992K, 7% used [0x0000000085000000,0x00000000855e67a8,0x000000008a300000)
 Metaspace       used 19319K, capacity 19616K, committed 19712K, reserved 1067008K
  class space    used 2225K, capacity 2293K, committed 2304K, reserved 1048576K
}
Event: 1,116 GC heap before
{Heap before GC invocations=3 (full 0):
 PSYoungGen      total 36864K, used 36696K [0x00000000d7000000, 0x00000000db800000, 0x0000000100000000)
  eden space 31744K, 99% used [0x00000000d7000000,0x00000000d8ed71f8,0x00000000d8f00000)
  from space 5120K, 99% used [0x00000000d9400000,0x00000000d98feef8,0x00000000d9900000)
  to   space 5120K, 0% used [0x00000000d8f00000,0x00000000d8f00000,0x00000000d9400000)
 ParOldGen       total 84992K, used 6041K [0x0000000085000000, 0x000000008a300000, 0x00000000d7000000)
  object space 84992K, 7% used [0x0000000085000000,0x00000000855e67a8,0x000000008a300000)
 Metaspace       used 19334K, capacity 19616K, committed 19712K, reserved 1067008K
  class space    used 2225K, capacity 2293K, committed 2304K, reserved 1048576K
Event: 1,121 GC heap after
Heap after GC invocations=3 (full 0):
 PSYoungGen      total 36864K, used 5090K [0x00000000d7000000, 0x00000000db800000, 0x0000000100000000)
  eden space 31744K, 0% used [0x00000000d7000000,0x00000000d7000000,0x00000000d8f00000)
  from space 5120K, 99% used [0x00000000d8f00000,0x00000000d93f89a0,0x00000000d9400000)
  to   space 5120K, 0% used [0x00000000db300000,0x00000000db300000,0x00000000db800000)
 ParOldGen       total 84992K, used 11888K [0x0000000085000000, 0x000000008a300000, 0x00000000d7000000)
  object space 84992K, 13% used [0x0000000085000000,0x0000000085b9c0f8,0x000000008a300000)
 Metaspace       used 19334K, capacity 19616K, committed 19712K, reserved 1067008K
  class space    used 2225K, capacity 2293K, committed 2304K, reserved 1048576K
}
Event: 9,947 GC heap before
{Heap before GC invocations=4 (full 0):
 PSYoungGen      total 36864K, used 32346K [0x00000000d7000000, 0x00000000db800000, 0x0000000100000000)
  eden space 31744K, 85% used [0x00000000d7000000,0x00000000d8a9e128,0x00000000d8f00000)
  from space 5120K, 99% used [0x00000000d8f00000,0x00000000d93f89a0,0x00000000d9400000)
  to   space 5120K, 0% used [0x00000000db300000,0x00000000db300000,0x00000000db800000)
 ParOldGen       total 84992K, used 11888K [0x0000000085000000, 0x000000008a300000, 0x00000000d7000000)
  object space 84992K, 13% used [0x0000000085000000,0x0000000085b9c0f8,0x000000008a300000)
 Metaspace       used 20784K, capacity 21092K, committed 21248K, reserved 1069056K
  class space    used 2380K, capacity 2485K, committed 2560K, reserved 1048576K
Event: 9,956 GC heap after
Heap after GC invocations=4 (full 0):
 PSYoungGen      total 68608K, used 5088K [0x00000000d7000000, 0x00000000db800000, 0x0000000100000000)
  eden space 63488K, 0% used [0x00000000d7000000,0x00000000d7000000,0x00000000dae00000)
  from space 5120K, 99% used [0x00000000db300000,0x00000000db7f8030,0x00000000db800000)
  to   space 5120K, 0% used [0x00000000dae00000,0x00000000dae00000,0x00000000db300000)
 ParOldGen       total 84992K, used 23999K [0x0000000085000000, 0x000000008a300000, 0x00000000d7000000)
  object space 84992K, 28% used [0x0000000085000000,0x000000008676fc80,0x000000008a300000)
 Metaspace       used 20784K, capacity 21092K, committed 21248K, reserved 1069056K
  class space    used 2380K, capacity 2485K, committed 2560K, reserved 1048576K
}
Event: 9,956 GC heap before
{Heap before GC invocations=5 (full 1):
 PSYoungGen      total 68608K, used 5088K [0x00000000d7000000, 0x00000000db800000, 0x0000000100000000)
  eden space 63488K, 0% used [0x00000000d7000000,0x00000000d7000000,0x00000000dae00000)
  from space 5120K, 99% used [0x00000000db300000,0x00000000db7f8030,0x00000000db800000)
  to   space 5120K, 0% used [0x00000000dae00000,0x00000000dae00000,0x00000000db300000)
 ParOldGen       total 84992K, used 23999K [0x0000000085000000, 0x000000008a300000, 0x00000000d7000000)
  object space 84992K, 28% used [0x0000000085000000,0x000000008676fc80,0x000000008a300000)
 Metaspace       used 20784K, capacity 21092K, committed 21248K, reserved 1069056K
  class space    used 2380K, capacity 2485K, committed 2560K, reserved 1048576K
Event: 9,982 GC heap after
Heap after GC invocations=5 (full 1):
 PSYoungGen      total 68608K, used 0K [0x00000000d7000000, 0x00000000db800000, 0x0000000100000000)
  eden space 63488K, 0% used [0x00000000d7000000,0x00000000d7000000,0x00000000dae00000)
  from space 5120K, 0% used [0x00000000db300000,0x00000000db300000,0x00000000db800000)
  to   space 5120K, 0% used [0x00000000dae00000,0x00000000dae00000,0x00000000db300000)
 ParOldGen       total 65024K, used 18718K [0x0000000085000000, 0x0000000088f80000, 0x00000000d7000000)
  object space 65024K, 28% used [0x0000000085000000,0x00000000862479e0,0x0000000088f80000)
 Metaspace       used 20784K, capacity 21092K, committed 21248K, reserved 1069056K
  class space    used 2380K, capacity 2485K, committed 2560K, reserved 1048576K
}

