# JRE version: Java(TM) SE Runtime Environment (8.0_161-b12) (build 1.8.0_161-b12)
# Java VM: Java HotSpot(TM) 64-Bit Server VM (25.161-b12 mixed mode linux-amd64 compressed oops)
Heap:
 PSYoungGen      total 144896K, used 17182K [0x00000000d7000000, 0x00000000e1400000, 0x0000000100000000)
  eden space 124928K, 13% used [0x00000000d7000000,0x00000000d7fe0ea8,0x00000000dea00000)
  from space 19968K, 4% used [0x00000000e0080000,0x00000000e0166c40,0x00000000e1400000)
  to   space 21504K, 0% used [0x00000000dea00000,0x00000000dea00000,0x00000000dff00000)
 ParOldGen       total 67072K, used 18507K [0x0000000085000000, 0x0000000089180000, 0x00000000d7000000)
  object space 67072K, 27% used [0x0000000085000000,0x0000000086212f98,0x0000000089180000)
 Metaspace       used 22048K, capacity 22340K, committed 22656K, reserved 1069056K
  class space    used 2536K, capacity 2645K, committed 2688K, reserved 1048576K
GC Heap History (10 events):
Event: 1,114 GC heap before
{Heap before GC invocations=3 (full 0):
 PSYoungGen      total 36864K, used 36697K [0x00000000d7000000, 0x00000000db800000, 0x0000000100000000)
  eden space 31744K, 99% used [0x00000000d7000000,0x00000000d8ed7070,0x00000000d8f00000)
  from space 5120K, 99% used [0x00000000d9400000,0x00000000d98ff720,0x00000000d9900000)
  to   space 5120K, 0% used [0x00000000d8f00000,0x00000000d8f00000,0x00000000d9400000)
 ParOldGen       total 84992K, used 6356K [0x0000000085000000, 0x000000008a300000, 0x00000000d7000000)
  object space 84992K, 7% used [0x0000000085000000,0x0000000085635130,0x000000008a300000)
 Metaspace       used 19324K, capacity 19620K, committed 19712K, reserved 1067008K
  class space    used 2226K, capacity 2293K, committed 2304K, reserved 1048576K
Event: 1,119 GC heap after
Heap after GC invocations=3 (full 0):
 PSYoungGen      total 36864K, used 5094K [0x00000000d7000000, 0x00000000db800000, 0x0000000100000000)
  eden space 31744K, 0% used [0x00000000d7000000,0x00000000d7000000,0x00000000d8f00000)
  from space 5120K, 99% used [0x00000000d8f00000,0x00000000d93f98d0,0x00000000d9400000)
  to   space 5120K, 0% used [0x00000000db300000,0x00000000db300000,0x00000000db800000)
 ParOldGen       total 84992K, used 12048K [0x0000000085000000, 0x000000008a300000, 0x00000000d7000000)
  object space 84992K, 14% used [0x0000000085000000,0x0000000085bc42d0,0x000000008a300000)
 Metaspace       used 19324K, capacity 19620K, committed 19712K, reserved 1067008K
  class space    used 2226K, capacity 2293K, committed 2304K, reserved 1048576K
}
Event: 17,015 GC heap before
{Heap before GC invocations=4 (full 0):
 PSYoungGen      total 36864K, used 36838K [0x00000000d7000000, 0x00000000db800000, 0x0000000100000000)
  eden space 31744K, 100% used [0x00000000d7000000,0x00000000d8f00000,0x00000000d8f00000)
  from space 5120K, 99% used [0x00000000d8f00000,0x00000000d93f98d0,0x00000000d9400000)
  to   space 5120K, 0% used [0x00000000db300000,0x00000000db300000,0x00000000db800000)
 ParOldGen       total 84992K, used 12048K [0x0000000085000000, 0x000000008a300000, 0x00000000d7000000)
  object space 84992K, 14% used [0x0000000085000000,0x0000000085bc42d0,0x000000008a300000)
 Metaspace       used 20786K, capacity 21092K, committed 21248K, reserved 1069056K
  class space    used 2379K, capacity 2485K, committed 2560K, reserved 1048576K
Event: 17,025 GC heap after
Heap after GC invocations=4 (full 0):
 PSYoungGen      total 68608K, used 5106K [0x00000000d7000000, 0x00000000db800000, 0x0000000100000000)
  eden space 63488K, 0% used [0x00000000d7000000,0x00000000d7000000,0x00000000dae00000)
  from space 5120K, 99% used [0x00000000db300000,0x00000000db7fc850,0x00000000db800000)
  to   space 5120K, 0% used [0x00000000dae00000,0x00000000dae00000,0x00000000db300000)
 ParOldGen       total 84992K, used 27445K [0x0000000085000000, 0x000000008a300000, 0x00000000d7000000)
  object space 84992K, 32% used [0x0000000085000000,0x0000000086acd5d0,0x000000008a300000)
 Metaspace       used 20786K, capacity 21092K, committed 21248K, reserved 1069056K
  class space    used 2379K, capacity 2485K, committed 2560K, reserved 1048576K
}
Event: 22,159 GC heap before
{Heap before GC invocations=5 (full 0):
 PSYoungGen      total 68608K, used 10230K [0x00000000d7000000, 0x00000000db800000, 0x0000000100000000)
  eden space 63488K, 8% used [0x00000000d7000000,0x00000000d7501278,0x00000000dae00000)
  from space 5120K, 99% used [0x00000000db300000,0x00000000db7fc850,0x00000000db800000)
  to   space 5120K, 0% used [0x00000000dae00000,0x00000000dae00000,0x00000000db300000)
 ParOldGen       total 84992K, used 27445K [0x0000000085000000, 0x000000008a300000, 0x00000000d7000000)
  object space 84992K, 32% used [0x0000000085000000,0x0000000086acd5d0,0x000000008a300000)
 Metaspace       used 20789K, capacity 21092K, committed 21248K, reserved 1069056K
  class space    used 2379K, capacity 2485K, committed 2560K, reserved 1048576K
Event: 22,167 GC heap after
Heap after GC invocations=5 (full 0):
 PSYoungGen      total 68608K, used 5104K [0x00000000d7000000, 0x00000000e1500000, 0x0000000100000000)
  eden space 63488K, 0% used [0x00000000d7000000,0x00000000d7000000,0x00000000dae00000)
  from space 5120K, 99% used [0x00000000dae00000,0x00000000db2fc040,0x00000000db300000)
  to   space 20992K, 0% used [0x00000000e0080000,0x00000000e0080000,0x00000000e1500000)
 ParOldGen       total 84992K, used 27472K [0x0000000085000000, 0x000000008a300000, 0x00000000d7000000)
  object space 84992K, 32% used [0x0000000085000000,0x0000000086ad43f0,0x000000008a300000)
 Metaspace       used 20789K, capacity 21092K, committed 21248K, reserved 1069056K
  class space    used 2379K, capacity 2485K, committed 2560K, reserved 1048576K
}
Event: 22,167 GC heap before
{Heap before GC invocations=6 (full 1):
 PSYoungGen      total 68608K, used 5104K [0x00000000d7000000, 0x00000000e1500000, 0x0000000100000000)
  eden space 63488K, 0% used [0x00000000d7000000,0x00000000d7000000,0x00000000dae00000)
  from space 5120K, 99% used [0x00000000dae00000,0x00000000db2fc040,0x00000000db300000)
  to   space 20992K, 0% used [0x00000000e0080000,0x00000000e0080000,0x00000000e1500000)
 ParOldGen       total 84992K, used 27472K [0x0000000085000000, 0x000000008a300000, 0x00000000d7000000)
  object space 84992K, 32% used [0x0000000085000000,0x0000000086ad43f0,0x000000008a300000)
 Metaspace       used 20789K, capacity 21092K, committed 21248K, reserved 1069056K
  class space    used 2379K, capacity 2485K, committed 2560K, reserved 1048576K
Event: 22,193 GC heap after
Heap after GC invocations=6 (full 1):
 PSYoungGen      total 68608K, used 0K [0x00000000d7000000, 0x00000000e1500000, 0x0000000100000000)
  eden space 63488K, 0% used [0x00000000d7000000,0x00000000d7000000,0x00000000dae00000)
  from space 5120K, 0% used [0x00000000dae00000,0x00000000dae00000,0x00000000db300000)
  to   space 20992K, 0% used [0x00000000e0080000,0x00000000e0080000,0x00000000e1500000)
 ParOldGen       total 67072K, used 18507K [0x0000000085000000, 0x0000000089180000, 0x00000000d7000000)
  object space 67072K, 27% used [0x0000000085000000,0x0000000086212f98,0x0000000089180000)
 Metaspace       used 20789K, capacity 21092K, committed 21248K, reserved 1069056K
  class space    used 2379K, capacity 2485K, committed 2560K, reserved 1048576K
}
Event: 104,614 GC heap before
{Heap before GC invocations=7 (full 1):
 PSYoungGen      total 68608K, used 63488K [0x00000000d7000000, 0x00000000e1500000, 0x0000000100000000)
  eden space 63488K, 100% used [0x00000000d7000000,0x00000000dae00000,0x00000000dae00000)
  from space 5120K, 0% used [0x00000000dae00000,0x00000000dae00000,0x00000000db300000)
  to   space 20992K, 0% used [0x00000000e0080000,0x00000000e0080000,0x00000000e1500000)
 ParOldGen       total 67072K, used 18507K [0x0000000085000000, 0x0000000089180000, 0x00000000d7000000)
  object space 67072K, 27% used [0x0000000085000000,0x0000000086212f98,0x0000000089180000)
 Metaspace       used 21909K, capacity 22180K, committed 22400K, reserved 1069056K
  class space    used 2517K, capacity 2613K, committed 2688K, reserved 1048576K
Event: 104,616 GC heap after
Heap after GC invocations=7 (full 1):
 PSYoungGen      total 144896K, used 923K [0x00000000d7000000, 0x00000000e1400000, 0x0000000100000000)
  eden space 124928K, 0% used [0x00000000d7000000,0x00000000d7000000,0x00000000dea00000)
  from space 19968K, 4% used [0x00000000e0080000,0x00000000e0166c40,0x00000000e1400000)
  to   space 21504K, 0% used [0x00000000dea00000,0x00000000dea00000,0x00000000dff00000)
 ParOldGen       total 67072K, used 18507K [0x0000000085000000, 0x0000000089180000, 0x00000000d7000000)
  object space 67072K, 27% used [0x0000000085000000,0x0000000086212f98,0x0000000089180000)
 Metaspace       used 21909K, capacity 22180K, committed 22400K, reserved 1069056K
  class space    used 2517K, capacity 2613K, committed 2688K, reserved 1048576K
}

